<?xml version="1.0" encoding="UTF-8"?>
<!-- Generated by org.testng.reporters.JUnitReportReporter -->
<testsuite skipped="0" hostname="LP-5CD839324V" name="testcases.LaunchBrowser" tests="1" failures="0" timestamp="15 Feb 2019 08:57:16 GMT" time="11.078" errors="0">
  <testcase name="launchBrowser" time="11.078" classname="testcases.LaunchBrowser"/>
</testsuite> <!-- testcases.LaunchBrowser -->
